<?xml version="1.0" encoding="UTF-8"?>
<!-- Generated by org.testng.reporters.JUnitReportReporter -->
<testsuite hostname="yuvi" name="com.online.project.Test2" tests="1" failures="0" timestamp="2 May 2018 14:37:13 GMT" time="84.459" errors="0">
  <testcase name="testCase" time="84.459" classname="com.online.project.Test2"/>
</testsuite> <!-- com.online.project.Test2 -->
