<?xml version="1.0" encoding="UTF-8"?>
<!-- Generated by org.testng.reporters.JUnitReportReporter -->
<testsuite hostname="yuvi" name="com.online.project.Client" tests="1" failures="0" timestamp="21 Mar 2018 16:19:29 GMT" time="24.823" errors="0">
  <testcase name="test1" time="24.823" classname="com.online.project.Client"/>
</testsuite> <!-- com.online.project.Client -->
