<?xml version="1.0" encoding="UTF-8"?>
<!-- Generated by org.testng.reporters.JUnitReportReporter -->
<testsuite hostname="yuvi" name="com.online.test.Customer" tests="1" failures="0" timestamp="17 Mar 2018 07:20:41 GMT" time="0.050" errors="0">
  <testcase name="test1" time="0.050" classname="com.online.test.Customer"/>
</testsuite> <!-- com.online.test.Customer -->
